# JRE version: OpenJDK Runtime Environment Homebrew (11.0.25) (build 11.0.25+0)
# Java VM: OpenJDK 64-Bit Server VM Homebrew (11.0.25+0, mixed mode, tiered, compressed oops, g1 gc, bsd-aarch64)
Heap:
 garbage-first heap   total 390144K, used 292443K [0x00000006c0000000, 0x00000007c0000000)
  region size 1024K, 177 young (181248K), 19 survivors (19456K)
 Metaspace       used 45204K, capacity 46521K, committed 46768K, reserved 1091584K
  class space    used 4626K, capacity 5042K, committed 5120K, reserved 1048576K
GC Heap History (20 events):
Event: 2.815 GC heap before
{Heap before GC invocations=9 (full 0):
 garbage-first heap   total 315392K, used 187222K [0x00000006c0000000, 0x00000007c0000000)
  region size 1024K, 126 young (129024K), 7 survivors (7168K)
 Metaspace       used 35781K, capacity 36618K, committed 36784K, reserved 1081344K
  class space    used 3707K, capacity 3975K, committed 4096K, reserved 1048576K
}
Event: 2.819 GC heap after
{Heap after GC invocations=10 (full 0):
 garbage-first heap   total 315392K, used 65715K [0x00000006c0000000, 0x00000007c0000000)
  region size 1024K, 8 young (8192K), 8 survivors (8192K)
 Metaspace       used 35781K, capacity 36618K, committed 36784K, reserved 1081344K
  class space    used 3707K, capacity 3975K, committed 4096K, reserved 1048576K
}
Event: 2.927 GC heap before
{Heap before GC invocations=11 (full 0):
 garbage-first heap   total 315392K, used 199859K [0x00000006c0000000, 0x00000007c0000000)
  region size 1024K, 139 young (142336K), 8 survivors (8192K)
 Metaspace       used 35926K, capacity 36786K, committed 37040K, reserved 1083392K
  class space    used 3710K, capacity 3980K, committed 4096K, reserved 1048576K
}
Event: 2.930 GC heap after
{Heap after GC invocations=12 (full 0):
 garbage-first heap   total 315392K, used 67317K [0x00000006c0000000, 0x00000007c0000000)
  region size 1024K, 9 young (9216K), 9 survivors (9216K)
 Metaspace       used 35926K, capacity 36786K, committed 37040K, reserved 1083392K
  class space    used 3710K, capacity 3980K, committed 4096K, reserved 1048576K
}
Event: 3.122 GC heap before
{Heap before GC invocations=12 (full 0):
 garbage-first heap   total 315392K, used 211701K [0x00000006c0000000, 0x00000007c0000000)
  region size 1024K, 150 young (153600K), 9 survivors (9216K)
 Metaspace       used 36091K, capacity 37003K, committed 37296K, reserved 1083392K
  class space    used 3714K, capacity 3984K, committed 4096K, reserved 1048576K
}
Event: 3.125 GC heap after
{Heap after GC invocations=13 (full 0):
 garbage-first heap   total 315392K, used 66770K [0x00000006c0000000, 0x00000007c0000000)
  region size 1024K, 9 young (9216K), 9 survivors (9216K)
 Metaspace       used 36091K, capacity 37003K, committed 37296K, reserved 1083392K
  class space    used 3714K, capacity 3984K, committed 4096K, reserved 1048576K
}
Event: 3.407 GC heap before
{Heap before GC invocations=13 (full 0):
 garbage-first heap   total 315392K, used 220370K [0x00000006c0000000, 0x00000007c0000000)
  region size 1024K, 159 young (162816K), 9 survivors (9216K)
 Metaspace       used 36170K, capacity 37070K, committed 37296K, reserved 1083392K
  class space    used 3714K, capacity 3984K, committed 4096K, reserved 1048576K
}
Event: 3.411 GC heap after
{Heap after GC invocations=14 (full 0):
 garbage-first heap   total 315392K, used 69632K [0x00000006c0000000, 0x00000007c0000000)
  region size 1024K, 11 young (11264K), 11 survivors (11264K)
 Metaspace       used 36170K, capacity 37070K, committed 37296K, reserved 1083392K
  class space    used 3714K, capacity 3984K, committed 4096K, reserved 1048576K
}
Event: 3.975 GC heap before
{Heap before GC invocations=14 (full 0):
 garbage-first heap   total 315392K, used 287744K [0x00000006c0000000, 0x00000007c0000000)
  region size 1024K, 171 young (175104K), 11 survivors (11264K)
 Metaspace       used 38746K, capacity 39813K, committed 40112K, reserved 1085440K
  class space    used 3928K, capacity 4273K, committed 4352K, reserved 1048576K
}
Event: 3.985 GC heap after
{Heap after GC invocations=15 (full 0):
 garbage-first heap   total 324608K, used 96081K [0x00000006c0000000, 0x00000007c0000000)
  region size 1024K, 22 young (22528K), 22 survivors (22528K)
 Metaspace       used 38746K, capacity 39813K, committed 40112K, reserved 1085440K
  class space    used 3928K, capacity 4273K, committed 4352K, reserved 1048576K
}
Event: 4.227 GC heap before
{Heap before GC invocations=15 (full 0):
 garbage-first heap   total 324608K, used 235345K [0x00000006c0000000, 0x00000007c0000000)
  region size 1024K, 159 young (162816K), 22 survivors (22528K)
 Metaspace       used 39941K, capacity 41069K, committed 41264K, reserved 1085440K
  class space    used 4065K, capacity 4413K, committed 4480K, reserved 1048576K
}
Event: 4.235 GC heap after
{Heap after GC invocations=16 (full 0):
 garbage-first heap   total 324608K, used 107169K [0x00000006c0000000, 0x00000007c0000000)
  region size 1024K, 10 young (10240K), 10 survivors (10240K)
 Metaspace       used 39941K, capacity 41069K, committed 41264K, reserved 1085440K
  class space    used 4065K, capacity 4413K, committed 4480K, reserved 1048576K
}
Event: 4.389 GC heap before
{Heap before GC invocations=16 (full 0):
 garbage-first heap   total 324608K, used 244385K [0x00000006c0000000, 0x00000007c0000000)
  region size 1024K, 144 young (147456K), 10 survivors (10240K)
 Metaspace       used 40599K, capacity 41768K, committed 41904K, reserved 1087488K
  class space    used 4136K, capacity 4515K, committed 4608K, reserved 1048576K
}
Event: 4.392 GC heap after
{Heap after GC invocations=17 (full 0):
 garbage-first heap   total 390144K, used 107203K [0x00000006c0000000, 0x00000007c0000000)
  region size 1024K, 10 young (10240K), 10 survivors (10240K)
 Metaspace       used 40599K, capacity 41768K, committed 41904K, reserved 1087488K
  class space    used 4136K, capacity 4515K, committed 4608K, reserved 1048576K
}
Event: 4.515 GC heap before
{Heap before GC invocations=17 (full 0):
 garbage-first heap   total 390144K, used 272067K [0x00000006c0000000, 0x00000007c0000000)
  region size 1024K, 171 young (175104K), 10 survivors (10240K)
 Metaspace       used 40735K, capacity 41929K, committed 42160K, reserved 1087488K
  class space    used 4143K, capacity 4520K, committed 4608K, reserved 1048576K
}
Event: 4.518 GC heap after
{Heap after GC invocations=18 (full 0):
 garbage-first heap   total 390144K, used 108637K [0x00000006c0000000, 0x00000007c0000000)
  region size 1024K, 12 young (12288K), 12 survivors (12288K)
 Metaspace       used 40735K, capacity 41929K, committed 42160K, reserved 1087488K
  class space    used 4143K, capacity 4520K, committed 4608K, reserved 1048576K
}
Event: 4.725 GC heap before
{Heap before GC invocations=18 (full 0):
 garbage-first heap   total 390144K, used 279645K [0x00000006c0000000, 0x00000007c0000000)
  region size 1024K, 179 young (183296K), 12 survivors (12288K)
 Metaspace       used 40759K, capacity 41929K, committed 42160K, reserved 1087488K
  class space    used 4144K, capacity 4520K, committed 4608K, reserved 1048576K
}
Event: 4.730 GC heap after
{Heap after GC invocations=19 (full 0):
 garbage-first heap   total 390144K, used 108671K [0x00000006c0000000, 0x00000007c0000000)
  region size 1024K, 12 young (12288K), 12 survivors (12288K)
 Metaspace       used 40759K, capacity 41929K, committed 42160K, reserved 1087488K
  class space    used 4144K, capacity 4520K, committed 4608K, reserved 1048576K
}
Event: 5.197 GC heap before
{Heap before GC invocations=19 (full 0):
 garbage-first heap   total 390144K, used 301183K [0x00000006c0000000, 0x00000007c0000000)
  region size 1024K, 196 young (200704K), 12 survivors (12288K)
 Metaspace       used 41131K, capacity 42253K, committed 42416K, reserved 1087488K
  class space    used 4152K, capacity 4520K, committed 4608K, reserved 1048576K
}
Event: 5.202 GC heap after
{Heap after GC invocations=20 (full 0):
 garbage-first heap   total 390144K, used 117339K [0x00000006c0000000, 0x00000007c0000000)
  region size 1024K, 19 young (19456K), 19 survivors (19456K)
 Metaspace       used 41131K, capacity 42253K, committed 42416K, reserved 1087488K
  class space    used 4152K, capacity 4520K, committed 4608K, reserved 1048576K
}

